tartarus.are
immort.are
ofcol2.are
shire.are
midgaard.are
plains.are
haon.are
air.are
arachnos.are
astral.are
canyon.are
catacomb.are
chapel.are
daycare.are
draconia.are
dream.are
drow.are
thalos.are
dwarven.are
dylan.are
eastern.are
galaxy.are
gnome.are
grave.are
grove.are
help.are
hitower.are
hood.are
limbo.are
mahntor.are
marsh.are
mega1.are
midennir.are
mirror.are
mobfact.are
moria.are
newthalos.are
nirvana.are
ofcol.are
olympus.are
pyramid.are
quifael.are
sewer.are
redferne.are
rom.are
group.are
school.are
smurf.are
social.are
tohell.are
trollden.are
valley.are
wyvern.are
arkham.are
aswamp.are
legion.are
forest.are
dying.are
nightfall.are
skills.are
carnival.are
dale.are
mythforest.are
mythruins.are
beholder.are
enclave.are
rakshasa.are
bluetwr.are
greentwr.are
redtwr.are
$
